  0:	proc  - (:root:) creates proc  0 (:init:)
Starting Sender with pid 1
  1:	proc  0 (:init::1) creates proc  1 (Sender)
  1:	proc  0 (:init::1) Model5.pml:55 (state 1)	[(run Sender())]

  2:	proc  1 (Sender:1) Model5.pml:9 (state -)	[values: 1!0]
  2:	proc  1 (Sender:1) Model5.pml:9 (state 1)	[s2r!0]
		queue 1 (s2r): [0]

Starting Sender with pid 2
  3:	proc  0 (:init::1) creates proc  2 (Sender)
  3:	proc  0 (:init::1) Model5.pml:56 (state 2)	[(run Sender())]

  4:	proc  2 (Sender:1) Model5.pml:9 (state -)	[values: 1!0]
  4:	proc  2 (Sender:1) Model5.pml:9 (state 1)	[s2r!0]
		queue 1 (s2r): [0][0]

Starting Receiver with pid 3
  5:	proc  0 (:init::1) creates proc  3 (Receiver)
  5:	proc  0 (:init::1) Model5.pml:57 (state 3)	[(run Receiver())]
		queue 1 (s2r): [0][0]
		queue 2 (r2s): 

  6:	proc  3 (Receiver:1) Model5.pml:23 (state -)	[values: 1?0]
  6:	proc  3 (Receiver:1) Model5.pml:23 (state 1)	[s2r?0]
		queue 1 (s2r): [0]
		Receiver(3):received = 0

  7:	proc  1 (Sender:1) Model5.pml:12 (state -)	[values: 1!1]
  7:	proc  1 (Sender:1) Model5.pml:12 (state 4)	[s2r!1]
		queue 1 (s2r): [0][1]
		queue 2 (r2s): 

  8:	proc  3 (Receiver:1) Model5.pml:32 (state 12)	[.(goto)]
		Receiver(3):received = 0

  9:	proc  3 (Receiver:1) Model5.pml:25 (state -)	[values: 1?0]
  9:	proc  3 (Receiver:1) Model5.pml:25 (state 2)	[s2r?0]
		queue 1 (s2r): [1]
		queue 2 (r2s): 
		Receiver(3):received = 0

 10:	proc  3 (Receiver:1) Model5.pml:25 (state 3)	[goto :b1]
		Receiver(3):received = 0

 11:	proc  3 (Receiver:1) Model5.pml:43 (state -)	[values: 2!ERR]
 11:	proc  3 (Receiver:1) Model5.pml:43 (state 29)	[r2s!ERR]
		queue 2 (r2s): [ERR]
		Receiver(3):received = 0

 12:	proc  1 (Sender:1) Model5.pml:12 (state 5)	[(1)]

 13:	proc  1 (Sender:1) Model5.pml:14 (state 7)	[.(goto)]

 14:	proc  1 (Sender:1) Model5.pml:16 (state 11)	[.(goto)]

 15:	proc  3 (Receiver:1) Model5.pml:44 (state -)	[values: 2!ERR]
 15:	proc  3 (Receiver:1) Model5.pml:44 (state 30)	[r2s!ERR]
		queue 2 (r2s): [ERR][ERR]
		Receiver(3):received = 0

 16:	proc  1 (Sender:1) Model5.pml:9 (state -)	[values: 1!0]
 16:	proc  1 (Sender:1) Model5.pml:9 (state 1)	[s2r!0]
		queue 1 (s2r): [1][0]

 17:	proc  2 (Sender:1) Model5.pml:11 (state -)	[values: 2?ERR]
 17:	proc  2 (Sender:1) Model5.pml:11 (state 2)	[r2s?ERR]
		queue 2 (r2s): [ERR]

 18:	proc  1 (Sender:1) Model5.pml:11 (state -)	[values: 2?ERR]
 18:	proc  1 (Sender:1) Model5.pml:11 (state 2)	[r2s?ERR]
		queue 2 (r2s): 

 19:	proc  1 (Sender:1) Model5.pml:11 (state 3)	[goto :b0]

 20:	proc  2 (Sender:1) Model5.pml:11 (state 3)	[goto :b0]

timeout
 21:	proc  3 (Receiver:1) Model5.pml:45 (state 31)	[(timeout)]
		Receiver(3):received = 0

 22:	proc  3 (Receiver:1) Model5.pml:47 (state 32)	[received = 0]
		Receiver(3):received = 0

 23:	proc  3 (Receiver:1) Model5.pml:52 (state 38)	[.(goto)]
		Receiver(3):received = 0

 24:	proc  3 (Receiver:1) Model5.pml:48 (state 33)	[((len(s2r)>0))]
		Receiver(3):received = 0

 25:	proc  3 (Receiver:1) Model5.pml:48 (state -)	[values: 1?1]
 25:	proc  3 (Receiver:1) Model5.pml:48 (state 34)	[s2r?received]
		queue 1 (s2r): [0]
		Receiver(3):received = 1

 26:	proc  3 (Receiver:1) Model5.pml:52 (state 38)	[.(goto)]
		Receiver(3):received = 1

 27:	proc  3 (Receiver:1) Model5.pml:48 (state 33)	[((len(s2r)>0))]
		Receiver(3):received = 1

 28:	proc  3 (Receiver:1) Model5.pml:48 (state -)	[values: 1?0]
 28:	proc  3 (Receiver:1) Model5.pml:48 (state 34)	[s2r?received]
		queue 1 (s2r): 
		Receiver(3):received = 0

 29:	proc  3 (Receiver:1) Model5.pml:52 (state 38)	[.(goto)]
		Receiver(3):received = 0

 30:	proc  3 (Receiver:1) Model5.pml:49 (state 35)	[((len(s2r)==0))]
		Receiver(3):received = 0

 31:	proc  3 (Receiver:1) Model5.pml:49 (state 36)	[goto :b3]
		Receiver(3):received = 0

 31:	proc  3 (Receiver:1) terminates
 31:	proc  2 (Sender:1) terminates
 31:	proc  1 (Sender:1) terminates
 31:	proc  0 (:init::1) terminates
4 processes created
